{"/Users/omer/Desktop/project/react-native-crypto-market/app/features/coin_details/services/api.ts": {"path":"/Users/omer/Desktop/project/react-native-crypto-market/app/features/coin_details/services/api.ts","statementMap":{"0":{"start":{"line":40,"column":29},"end":{"line":59,"column":1}},"1":{"start":{"line":44,"column":2},"end":{"line":58,"column":3}},"2":{"start":{"line":45,"column":21},"end":{"line":47,"column":5}},"3":{"start":{"line":49,"column":4},"end":{"line":51,"column":5}},"4":{"start":{"line":50,"column":6},"end":{"line":50,"column":75}},"5":{"start":{"line":53,"column":29},"end":{"line":53,"column":50}},"6":{"start":{"line":54,"column":4},"end":{"line":54,"column":16}},"7":{"start":{"line":56,"column":4},"end":{"line":56,"column":59}},"8":{"start":{"line":57,"column":4},"end":{"line":57,"column":16}}},"fnMap":{"0":{"name":"(anonymous_0)","decl":{"start":{"line":40,"column":29},"end":{"line":40,"column":30}},"loc":{"start":{"line":43,"column":26},"end":{"line":59,"column":1}},"line":43}},"branchMap":{"0":{"loc":{"start":{"line":42,"column":2},"end":{"line":42,"column":26}},"type":"default-arg","locations":[{"start":{"line":42,"column":25},"end":{"line":42,"column":26}}],"line":42},"1":{"loc":{"start":{"line":49,"column":4},"end":{"line":51,"column":5}},"type":"if","locations":[{"start":{"line":49,"column":4},"end":{"line":51,"column":5}},{"start":{},"end":{}}],"line":49}},"s":{"0":1,"1":5,"2":5,"3":4,"4":1,"5":3,"6":3,"7":2,"8":2},"f":{"0":5},"b":{"0":[3],"1":[1,3]},"_coverageSchema":"1a1c01bbd47fc00a2c39e90264f33305004495a9","hash":"bc5445a2666bbdaae99e3da18061b35efcbddbc3"}
,"/Users/omer/Desktop/project/react-native-crypto-market/app/features/market/services/api.ts": {"path":"/Users/omer/Desktop/project/react-native-crypto-market/app/features/market/services/api.ts","statementMap":{"0":{"start":{"line":46,"column":16},"end":{"line":46,"column":60}},"1":{"start":{"line":55,"column":29},"end":{"line":75,"column":1}},"2":{"start":{"line":60,"column":2},"end":{"line":74,"column":3}},"3":{"start":{"line":61,"column":21},"end":{"line":63,"column":5}},"4":{"start":{"line":65,"column":4},"end":{"line":67,"column":5}},"5":{"start":{"line":66,"column":6},"end":{"line":66,"column":75}},"6":{"start":{"line":69,"column":31},"end":{"line":69,"column":52}},"7":{"start":{"line":70,"column":4},"end":{"line":70,"column":16}},"8":{"start":{"line":72,"column":4},"end":{"line":72,"column":54}},"9":{"start":{"line":73,"column":4},"end":{"line":73,"column":16}},"10":{"start":{"line":82,"column":34},"end":{"line":92,"column":1}},"11":{"start":{"line":85,"column":2},"end":{"line":91,"column":3}},"12":{"start":{"line":86,"column":21},"end":{"line":86,"column":56}},"13":{"start":{"line":87,"column":4},"end":{"line":87,"column":25}},"14":{"start":{"line":89,"column":4},"end":{"line":89,"column":59}},"15":{"start":{"line":90,"column":4},"end":{"line":90,"column":16}},"16":{"start":{"line":100,"column":31},"end":{"line":115,"column":1}},"17":{"start":{"line":104,"column":2},"end":{"line":114,"column":3}},"18":{"start":{"line":105,"column":21},"end":{"line":105,"column":57}},"19":{"start":{"line":107,"column":24},"end":{"line":109,"column":5}},"20":{"start":{"line":108,"column":16},"end":{"line":108,"column":71}},"21":{"start":{"line":110,"column":4},"end":{"line":110,"column":39}},"22":{"start":{"line":112,"column":4},"end":{"line":112,"column":56}},"23":{"start":{"line":113,"column":4},"end":{"line":113,"column":16}},"24":{"start":{"line":123,"column":30},"end":{"line":138,"column":1}},"25":{"start":{"line":127,"column":2},"end":{"line":137,"column":3}},"26":{"start":{"line":128,"column":21},"end":{"line":128,"column":57}},"27":{"start":{"line":130,"column":24},"end":{"line":132,"column":5}},"28":{"start":{"line":131,"column":16},"end":{"line":131,"column":71}},"29":{"start":{"line":133,"column":4},"end":{"line":133,"column":39}},"30":{"start":{"line":135,"column":4},"end":{"line":135,"column":55}},"31":{"start":{"line":136,"column":4},"end":{"line":136,"column":16}},"32":{"start":{"line":146,"column":29},"end":{"line":165,"column":1}},"33":{"start":{"line":150,"column":2},"end":{"line":164,"column":3}},"34":{"start":{"line":151,"column":21},"end":{"line":153,"column":5}},"35":{"start":{"line":155,"column":4},"end":{"line":157,"column":5}},"36":{"start":{"line":156,"column":6},"end":{"line":156,"column":75}},"37":{"start":{"line":159,"column":29},"end":{"line":159,"column":50}},"38":{"start":{"line":160,"column":4},"end":{"line":160,"column":16}},"39":{"start":{"line":162,"column":4},"end":{"line":162,"column":59}},"40":{"start":{"line":163,"column":4},"end":{"line":163,"column":16}}},"fnMap":{"0":{"name":"(anonymous_0)","decl":{"start":{"line":55,"column":29},"end":{"line":55,"column":30}},"loc":{"start":{"line":59,"column":28},"end":{"line":75,"column":1}},"line":59},"1":{"name":"(anonymous_1)","decl":{"start":{"line":82,"column":34},"end":{"line":82,"column":35}},"loc":{"start":{"line":84,"column":26},"end":{"line":92,"column":1}},"line":84},"2":{"name":"(anonymous_2)","decl":{"start":{"line":100,"column":31},"end":{"line":100,"column":32}},"loc":{"start":{"line":103,"column":26},"end":{"line":115,"column":1}},"line":103},"3":{"name":"(anonymous_3)","decl":{"start":{"line":108,"column":6},"end":{"line":108,"column":7}},"loc":{"start":{"line":108,"column":16},"end":{"line":108,"column":71}},"line":108},"4":{"name":"(anonymous_4)","decl":{"start":{"line":123,"column":30},"end":{"line":123,"column":31}},"loc":{"start":{"line":126,"column":26},"end":{"line":138,"column":1}},"line":126},"5":{"name":"(anonymous_5)","decl":{"start":{"line":131,"column":6},"end":{"line":131,"column":7}},"loc":{"start":{"line":131,"column":16},"end":{"line":131,"column":71}},"line":131},"6":{"name":"(anonymous_6)","decl":{"start":{"line":146,"column":29},"end":{"line":146,"column":30}},"loc":{"start":{"line":149,"column":26},"end":{"line":165,"column":1}},"line":149}},"branchMap":{"0":{"loc":{"start":{"line":56,"column":2},"end":{"line":56,"column":26}},"type":"default-arg","locations":[{"start":{"line":56,"column":21},"end":{"line":56,"column":26}}],"line":56},"1":{"loc":{"start":{"line":57,"column":2},"end":{"line":57,"column":18}},"type":"default-arg","locations":[{"start":{"line":57,"column":17},"end":{"line":57,"column":18}}],"line":57},"2":{"loc":{"start":{"line":58,"column":2},"end":{"line":58,"column":23}},"type":"default-arg","locations":[{"start":{"line":58,"column":21},"end":{"line":58,"column":23}}],"line":58},"3":{"loc":{"start":{"line":65,"column":4},"end":{"line":67,"column":5}},"type":"if","locations":[{"start":{"line":65,"column":4},"end":{"line":67,"column":5}},{"start":{},"end":{}}],"line":65},"4":{"loc":{"start":{"line":83,"column":2},"end":{"line":83,"column":26}},"type":"default-arg","locations":[{"start":{"line":83,"column":21},"end":{"line":83,"column":26}}],"line":83},"5":{"loc":{"start":{"line":101,"column":2},"end":{"line":101,"column":26}},"type":"default-arg","locations":[{"start":{"line":101,"column":21},"end":{"line":101,"column":26}}],"line":101},"6":{"loc":{"start":{"line":102,"column":2},"end":{"line":102,"column":19}},"type":"default-arg","locations":[{"start":{"line":102,"column":18},"end":{"line":102,"column":19}}],"line":102},"7":{"loc":{"start":{"line":124,"column":2},"end":{"line":124,"column":26}},"type":"default-arg","locations":[{"start":{"line":124,"column":21},"end":{"line":124,"column":26}}],"line":124},"8":{"loc":{"start":{"line":125,"column":2},"end":{"line":125,"column":19}},"type":"default-arg","locations":[{"start":{"line":125,"column":18},"end":{"line":125,"column":19}}],"line":125},"9":{"loc":{"start":{"line":148,"column":2},"end":{"line":148,"column":26}},"type":"default-arg","locations":[{"start":{"line":148,"column":25},"end":{"line":148,"column":26}}],"line":148},"10":{"loc":{"start":{"line":155,"column":4},"end":{"line":157,"column":5}},"type":"if","locations":[{"start":{"line":155,"column":4},"end":{"line":157,"column":5}},{"start":{},"end":{}}],"line":155}},"s":{"0":1,"1":1,"2":10,"3":10,"4":6,"5":1,"6":5,"7":5,"8":5,"9":5,"10":1,"11":2,"12":2,"13":1,"14":1,"15":1,"16":1,"17":2,"18":2,"19":1,"20":2,"21":1,"22":1,"23":1,"24":1,"25":2,"26":2,"27":1,"28":2,"29":1,"30":1,"31":1,"32":1,"33":3,"34":3,"35":2,"36":1,"37":1,"38":1,"39":2,"40":2},"f":{"0":10,"1":2,"2":2,"3":2,"4":2,"5":2,"6":3},"b":{"0":[3],"1":[3],"2":[3],"3":[1,5],"4":[2],"5":[1],"6":[1],"7":[1],"8":[1],"9":[2],"10":[1,1]},"_coverageSchema":"1a1c01bbd47fc00a2c39e90264f33305004495a9","hash":"b8b8996f17a0505a76afec4a2e8857edf4eed98a"}
}
