TN:
SF:app/features/coin_details/services/api.ts
FN:40,(anonymous_0)
FNF:1
FNH:1
FNDA:5,(anonymous_0)
DA:40,1
DA:44,5
DA:45,5
DA:49,4
DA:50,1
DA:53,3
DA:54,3
DA:56,2
DA:57,2
LF:9
LH:9
BRDA:42,0,0,3
BRDA:49,1,0,1
BRDA:49,1,1,3
BRF:3
BRH:3
end_of_record
TN:
SF:app/features/market/services/api.ts
FN:55,(anonymous_0)
FN:82,(anonymous_1)
FN:100,(anonymous_2)
FN:108,(anonymous_3)
FN:123,(anonymous_4)
FN:131,(anonymous_5)
FN:146,(anonymous_6)
FNF:7
FNH:7
FNDA:10,(anonymous_0)
FNDA:2,(anonymous_1)
FNDA:2,(anonymous_2)
FNDA:2,(anonymous_3)
FNDA:2,(anonymous_4)
FNDA:2,(anonymous_5)
FNDA:3,(anonymous_6)
DA:46,1
DA:55,1
DA:60,10
DA:61,10
DA:65,6
DA:66,1
DA:69,5
DA:70,5
DA:72,5
DA:73,5
DA:82,1
DA:85,2
DA:86,2
DA:87,1
DA:89,1
DA:90,1
DA:100,1
DA:104,2
DA:105,2
DA:107,1
DA:108,2
DA:110,1
DA:112,1
DA:113,1
DA:123,1
DA:127,2
DA:128,2
DA:130,1
DA:131,2
DA:133,1
DA:135,1
DA:136,1
DA:146,1
DA:150,3
DA:151,3
DA:155,2
DA:156,1
DA:159,1
DA:160,1
DA:162,2
DA:163,2
LF:41
LH:41
BRDA:56,0,0,3
BRDA:57,1,0,3
BRDA:58,2,0,3
BRDA:65,3,0,1
BRDA:65,3,1,5
BRDA:83,4,0,2
BRDA:101,5,0,1
BRDA:102,6,0,1
BRDA:124,7,0,1
BRDA:125,8,0,1
BRDA:148,9,0,2
BRDA:155,10,0,1
BRDA:155,10,1,1
BRF:13
BRH:13
end_of_record
